<?xml version="1.0" encoding="UTF-8"?>
<?xml-stylesheet type="text/xsl" href="ivy-report.xsl"?>
<ivy-report version="1.0">
	<info
		organisation="com.julianpeeters"
		module="asm-example_2.9.1"
		revision="0.0.1-SNAPSHOT"
		conf="test"
		confs="compile, runtime, test, provided, optional, compile-internal, runtime-internal, test-internal, plugin, sources, docs, pom"
		date="20130401232702"/>
	<dependencies>
		<module organisation="org.ow2.asm" name="asm-all">
			<revision name="4.1" status="release" pubdate="20121014083936" resolver="public" artresolver="public" homepage="" downloaded="false" searched="false" default="false" conf="default(compile), default, compile, runtime, master" position="1">
				<metadata-artifact status="no" details="" size="3752" time="0" location="/home/julianpeeters/.ivy2/cache/org.ow2.asm/asm-all/ivy-4.1.xml" searched="false" origin-is-local="false" origin-location="http://repo1.maven.org/maven2/org/ow2/asm/asm-all/4.1/asm-all-4.1.pom"/>
				<caller organisation="com.julianpeeters" name="asm-example_2.9.1" conf="test, compile, runtime" rev="4.1" rev-constraint-default="4.1" rev-constraint-dynamic="4.1" callerrev="0.0.1-SNAPSHOT"/>
				<artifacts>
					<artifact name="asm-all" type="jar" ext="jar" status="no" details="" size="214592" time="0" location="/home/julianpeeters/.ivy2/cache/org.ow2.asm/asm-all/jars/asm-all-4.1.jar">
						<origin-location is-local="false" location="http://repo1.maven.org/maven2/org/ow2/asm/asm-all/4.1/asm-all-4.1.jar"/>
					</artifact>
				</artifacts>
			</revision>
		</module>
		<module organisation="org.scala-lang" name="scala-library">
			<revision name="2.9.1" status="release" pubdate="20110831013953" resolver="sbt-chain" artresolver="sbt-chain" homepage="http://www.scala-lang.org/" downloaded="false" searched="false" default="false" conf="default(compile), default, compile, runtime, master" position="0">
				<license name="BSD-like" url="http://www.scala-lang.org/downloads/license.html          "/>
				<metadata-artifact status="no" details="" size="2322" time="0" location="/home/julianpeeters/.ivy2/cache/org.scala-lang/scala-library/ivy-2.9.1.xml" searched="false" origin-is-local="false" origin-location="http://repo1.maven.org/maven2/org/scala-lang/scala-library/2.9.1/scala-library-2.9.1.pom"/>
				<caller organisation="com.julianpeeters" name="asm-example_2.9.1" conf="test, compile, runtime" rev="2.9.1" rev-constraint-default="2.9.1" rev-constraint-dynamic="2.9.1" callerrev="0.0.1-SNAPSHOT"/>
				<artifacts>
				</artifacts>
			</revision>
		</module>
	</dependencies>
</ivy-report>
